2023.04.19 20:33:07 INFO  Started: Metals version 0.11.11+102-bd909547-SNAPSHOT in workspace '/workspaces/artifact-carsonfrench' for client Visual Studio Code 1.77.3.
Apr 19, 2023 8:33:07 PM org.flywaydb.core.internal.license.VersionPrinter printVersionOnly
INFO: Flyway Community Edition 9.16.3 by Redgate
Apr 19, 2023 8:33:07 PM org.flywaydb.core.internal.license.VersionPrinter printVersion
INFO: See release notes here: https://rd.gt/416ObMi
Apr 19, 2023 8:33:07 PM org.flywaydb.core.internal.license.VersionPrinter printVersion
INFO: 
Apr 19, 2023 8:33:11 PM org.flywaydb.core.internal.database.base.BaseDatabaseType createDatabase
INFO: Database: jdbc:h2:file:/workspaces/artifact-carsonfrench/.metals/metals (H2 2.1)
Apr 19, 2023 8:33:11 PM org.flywaydb.core.internal.schemahistory.JdbcTableSchemaHistory allAppliedMigrations
INFO: Schema history table "PUBLIC"."flyway_schema_history" does not exist yet
Apr 19, 2023 8:33:11 PM org.flywaydb.core.internal.command.DbValidate validate
INFO: Successfully validated 4 migrations (execution time 00:00.019s)
Apr 19, 2023 8:33:11 PM org.flywaydb.core.internal.schemahistory.JdbcTableSchemaHistory create
INFO: Creating Schema History table "PUBLIC"."flyway_schema_history" ...
Apr 19, 2023 8:33:11 PM org.flywaydb.core.internal.command.DbMigrate migrateGroup
INFO: Current version of schema "PUBLIC": << Empty Schema >>
Apr 19, 2023 8:33:11 PM org.flywaydb.core.internal.command.DbMigrate doMigrateGroup
INFO: Migrating schema "PUBLIC" to version "1 - Create tables"
Apr 19, 2023 8:33:11 PM org.flywaydb.core.internal.command.DbMigrate doMigrateGroup
INFO: Migrating schema "PUBLIC" to version "2 - Server discovery"
Apr 19, 2023 8:33:11 PM org.flywaydb.core.internal.command.DbMigrate doMigrateGroup
INFO: Migrating schema "PUBLIC" to version "3 - Jar symbols"
Apr 19, 2023 8:33:11 PM org.flywaydb.core.internal.command.DbMigrate doMigrateGroup
INFO: Migrating schema "PUBLIC" to version "4 - Fingerprints"
Apr 19, 2023 8:33:11 PM org.flywaydb.core.internal.command.DbMigrate logSummary
INFO: Successfully applied 4 migrations to schema "PUBLIC", now at version v4 (execution time 00:00.062s)
2023.04.19 20:33:12 INFO  time: initialize in 4.33s
2023.04.19 20:33:15 WARN  Build server is not auto-connectable.
2023.04.19 20:33:15 WARN  no build tool detected in workspace '/workspaces/artifact-carsonfrench'. The most common cause for this problem is that the editor was opened in the wrong working directory, for example if you use sbt then the workspace directory should contain build.sbt. 
2023.04.19 20:33:15 WARN  no build target for: /workspaces/artifact-carsonfrench/scalorie-tracker/build.sbt
2023.04.19 20:33:15 WARN  no build target for: /workspaces/artifact-carsonfrench/scalorie-tracker/src/main/scala/Main.scala
Apr 19, 2023 8:33:15 PM org.eclipse.lsp4j.jsonrpc.RemoteEndpoint handleCancellation
WARNING: Unmatched cancel notification for request id 2
Apr 19, 2023 8:33:15 PM org.eclipse.lsp4j.jsonrpc.RemoteEndpoint handleCancellation
WARNING: Unmatched cancel notification for request id 1
Apr 19, 2023 8:33:15 PM org.eclipse.lsp4j.jsonrpc.RemoteEndpoint handleCancellation
WARNING: Unmatched cancel notification for request id 5
2023.04.19 20:33:20 INFO  no build target found for /workspaces/artifact-carsonfrench/scalorie-tracker/src/main/scala/Main.scala. Using presentation compiler with project's scala-library version: 3.2.2
2023.04.19 20:33:20 WARN  no build target for: /workspaces/artifact-carsonfrench/scalorie-tracker/src/main/scala/worksheet.worksheet.sc
2023.04.19 20:33:26 INFO  time: code lens generation in 10s
2023.04.19 20:33:26 INFO  time: code lens generation in 5.33s
[31merror[39m: scalorie-tracker/src/main/scala/worksheet.worksheet.sc:21:30: *-parameter must come last
class Meal(val name: String, val foods: String*, val newFoods: Food*) // need to add a method that logs the meal
                             ^^^^^^^^^^^^^^^^^^
2023.04.19 20:33:31 INFO  no build target found for /workspaces/artifact-carsonfrench/scalorie-tracker/src/main/scala/worksheet.worksheet.sc. Using presentation compiler with project's scala-library version: 3.2.2
2023.04.19 20:33:32 INFO  time: evaluated worksheet 'worksheet.worksheet.sc' in 11s
2023.04.19 20:33:56 WARN  no build target for: /workspaces/artifact-carsonfrench/scalorie-tracker/src/main/scala/weight.scala
2023.04.19 20:34:40 WARN  no build target for: /workspaces/artifact-carsonfrench/scalorie-tracker/src/main/scala/weight.scala
2023.04.19 20:35:16 WARN  no build target for: /workspaces/artifact-carsonfrench/scalorie-tracker/src/main/scala/weight.scala
2023.04.19 20:35:18 WARN  no build target for: /workspaces/artifact-carsonfrench/scalorie-tracker/src/main/scala/weight.scala
2023.04.19 20:35:33 WARN  no build target for: /workspaces/artifact-carsonfrench/scalorie-tracker/src/main/scala/weight.scala
2023.04.19 20:35:43 WARN  no build target for: /workspaces/artifact-carsonfrench/scalorie-tracker/src/main/scala/weight.scala
2023.04.19 20:35:50 WARN  no build target for: /workspaces/artifact-carsonfrench/scalorie-tracker/src/main/scala/weight.scala
2023.04.19 20:35:52 WARN  no build target for: /workspaces/artifact-carsonfrench/scalorie-tracker/src/main/scala/weight.scala
2023.04.19 20:35:57 WARN  no build target for: /workspaces/artifact-carsonfrench/scalorie-tracker/src/main/scala/weight.scala
2023.04.19 20:37:33 WARN  no build target for: /workspaces/artifact-carsonfrench/scalorie-tracker/src/main/scala/weight.scala
2023.04.19 20:37:40 WARN  no build target for: /workspaces/artifact-carsonfrench/scalorie-tracker/src/main/scala/weight.scala
2023.04.19 20:37:43 WARN  no build target for: /workspaces/artifact-carsonfrench/scalorie-tracker/src/main/scala/weight.scala
2023.04.19 20:37:45 WARN  no build target for: /workspaces/artifact-carsonfrench/scalorie-tracker/src/main/scala/weight.scala
2023.04.19 20:37:47 WARN  no build target for: /workspaces/artifact-carsonfrench/scalorie-tracker/src/main/scala/weight.scala
2023.04.19 20:37:53 WARN  no build target for: /workspaces/artifact-carsonfrench/scalorie-tracker/src/main/scala/weight.scala
2023.04.19 20:37:57 WARN  no build target for: /workspaces/artifact-carsonfrench/scalorie-tracker/src/main/scala/weight.scala
2023.04.19 20:38:49 WARN  no build target for: /workspaces/artifact-carsonfrench/scalorie-tracker/src/main/scala/time.scala
2023.04.19 20:39:13 WARN  no build target for: /workspaces/artifact-carsonfrench/scalorie-tracker/src/main/scala/time.scala
2023.04.19 20:39:15 WARN  no build target for: /workspaces/artifact-carsonfrench/scalorie-tracker/src/main/scala/time.scala
2023.04.19 20:39:41 WARN  no build target for: /workspaces/artifact-carsonfrench/scalorie-tracker/src/main/scala/time.scala
2023.04.19 20:39:43 WARN  no build target for: /workspaces/artifact-carsonfrench/scalorie-tracker/src/main/scala/time.scala
Apr 19, 2023 8:39:48 PM org.eclipse.lsp4j.jsonrpc.RemoteEndpoint handleCancellation
WARNING: Unmatched cancel notification for request id 397
Apr 19, 2023 8:39:48 PM org.eclipse.lsp4j.jsonrpc.RemoteEndpoint handleCancellation
WARNING: Unmatched cancel notification for request id 394
2023.04.19 20:39:50 WARN  no build target for: /workspaces/artifact-carsonfrench/scalorie-tracker/src/main/scala/time.scala
2023.04.19 20:40:42 WARN  no build target for: /workspaces/artifact-carsonfrench/scalorie-tracker/src/main/scala/time.scala
2023.04.19 20:40:45 WARN  no build target for: /workspaces/artifact-carsonfrench/scalorie-tracker/src/main/scala/time.scala
2023.04.19 20:40:53 WARN  no build target for: /workspaces/artifact-carsonfrench/scalorie-tracker/src/main/scala/time.scala
2023.04.19 20:40:55 WARN  no build target for: /workspaces/artifact-carsonfrench/scalorie-tracker/src/main/scala/time.scala
2023.04.19 20:41:01 WARN  no build target for: /workspaces/artifact-carsonfrench/scalorie-tracker/src/main/scala/time.scala
Apr 19, 2023 8:41:02 PM org.eclipse.lsp4j.jsonrpc.RemoteEndpoint handleCancellation
WARNING: Unmatched cancel notification for request id 546
2023.04.19 20:41:14 WARN  no build target for: /workspaces/artifact-carsonfrench/scalorie-tracker/src/main/scala/worksheet.worksheet.sc
[31merror[39m: scalorie-tracker/src/main/scala/worksheet.worksheet.sc:3:8: 
Not found: kantan
import kantan.csv._         // All kantan.csv types.
       ^^^^^^
[31merror[39m: scalorie-tracker/src/main/scala/worksheet.worksheet.sc:3:23: 
Reference to $doc is ambiguous,
it is both defined in object MdocSession
and imported subsequently by import 
  (<error Not found: kantan>#csv : 
    <error Not found: kantan>
  )
._
import kantan.csv._         // All kantan.csv types.
                      ^
[31merror[39m: scalorie-tracker/src/main/scala/worksheet.worksheet.sc:3:27: 
Reference to $doc is ambiguous,
it is both defined in object MdocSession
and imported subsequently by import 
  (<error Not found: kantan>#csv : 
    <error Not found: kantan>
  )
._
import kantan.csv._         // All kantan.csv types.
                          ^
[31merror[39m: scalorie-tracker/src/main/scala/worksheet.worksheet.sc:4:8: 

  (<error Not found: kantan>#csv.kantan.csv.ops : 
    
  <error Not found: kantan>)
 is not a valid import prefix, since it is not an immutable path
import kantan.csv.ops._     // Enriches types with useful methods.
       ^^^^^^^^^^^^^^
[31merror[39m: scalorie-tracker/src/main/scala/worksheet.worksheet.sc:4:27: 
Reference to $doc is ambiguous,
it is both defined in object MdocSession
and imported subsequently by import 
  (<error Not found: kantan>#csv : 
    <error Not found: kantan>
  )
._
import kantan.csv.ops._     // Enriches types with useful methods.
                          ^
[31merror[39m: 
worksheet.worksheet.sc:15 (mdoc generated code) 
 Reference to $doc is ambiguous,
it is both defined in object MdocSession
and imported subsequently by import 
  (<error Not found: kantan>#csv : 
    <error Not found: kantan>
  )
._
    $doc.startStatement(4, 0, 4, 27);


[31merror[39m: scalorie-tracker/src/main/scala/worksheet.worksheet.sc:5:8: 

  (<error Not found: kantan>#csv.kantan.csv.generic
     : 
  <error Not found: kantan>)
 is not a valid import prefix, since it is not an immutable path
import kantan.csv.generic._ // Automatic derivation of codecs.
       ^^^^^^^^^^^^^^^^^^
[31merror[39m: 
worksheet.worksheet.sc:17 (mdoc generated code) 
 Reference to $doc is ambiguous,
it is both defined in object MdocSession
and imported subsequently by import 
  (<error Not found: kantan>#csv : 
    <error Not found: kantan>
  )
._
    $doc.endStatement();


[31merror[39m: 
worksheet.worksheet.sc:18 (mdoc generated code) 
 Reference to $doc is ambiguous,
it is both defined in object MdocSession
and imported subsequently by import 
  (<error Not found: kantan>#csv : 
    <error Not found: kantan>
  )
._
    $doc.startStatement(7, 0, 7, 44);


[31merror[39m: scalorie-tracker/src/main/scala/worksheet.worksheet.sc:8:8: 

  (<error Not found: kantan>#csv.com.github.
    nscala_time
  .time.Imports : <error Not found: kantan>)
 is not a valid import prefix, since it is not an immutable path
import com.github.nscala_time.time.Imports._
       ^^^^^^^^^^^^^^^^^^^^^^^^^^^^^^^^^^^
[31merror[39m: 
worksheet.worksheet.sc:20 (mdoc generated code) 
 Reference to $doc is ambiguous,
it is both defined in object MdocSession
and imported subsequently by import 
  (<error Not found: kantan>#csv : 
    <error Not found: kantan>
  )
._
    $doc.endStatement();


[31merror[39m: 
worksheet.worksheet.sc:21 (mdoc generated code) 
 Reference to $doc is ambiguous,
it is both defined in object MdocSession
and imported subsequently by import 
  (<error Not found: kantan>#csv : 
    <error Not found: kantan>
  )
._
    $doc.startStatement(10, 0, 19, 1);


[31merror[39m: scalorie-tracker/src/main/scala/worksheet.worksheet.sc:13:19: 
<error Not found: kantan>#csv.List
   does not take type parameters
    var tagList : List[String] = List()
                  ^^^^^^^^^^^^
[31merror[39m: scalorie-tracker/src/main/scala/worksheet.worksheet.sc:16:47: 
<error Not found: kantan>#csv.List
   does not take type parameters
    new File("food").asCsvWriter[String, Int, List[String]](rfc).write(name, calories, tagList).close() //still need to account for overwriting existing foods
                                              ^^^^^^^^^^^^
[31merror[39m: 
worksheet.worksheet.sc:32 (mdoc generated code) 
 Reference to $doc is ambiguous,
it is both defined in object MdocSession
and imported subsequently by import 
  (<error Not found: kantan>#csv : 
    <error Not found: kantan>
  )
._
    $doc.endStatement();


[31merror[39m: 
worksheet.worksheet.sc:33 (mdoc generated code) 
 Reference to $doc is ambiguous,
it is both defined in object MdocSession
and imported subsequently by import 
  (<error Not found: kantan>#csv : 
    <error Not found: kantan>
  )
._
    $doc.startStatement(20, 0, 20, 68);


[31merror[39m: 
worksheet.worksheet.sc:35 (mdoc generated code) 
 Reference to $doc is ambiguous,
it is both defined in object MdocSession
and imported subsequently by import 
  (<error Not found: kantan>#csv : 
    <error Not found: kantan>
  )
._
    $doc.endStatement();


[31merror[39m: 
worksheet.worksheet.sc:36 (mdoc generated code) 
 Reference to $doc is ambiguous,
it is both defined in object MdocSession
and imported subsequently by import 
  (<error Not found: kantan>#csv : 
    <error Not found: kantan>
  )
._
    $doc.startStatement(23, 0, 27, 1);


[31merror[39m: scalorie-tracker/src/main/scala/worksheet.worksheet.sc:25:19: 
Reference to constructor proxy for class Food in class MdocApp
shadows outer reference to value Food
    val newFood = Food(name, calories)
                  ^^^^
[31merror[39m: 
worksheet.worksheet.sc:42 (mdoc generated code) 
 Reference to $doc is ambiguous,
it is both defined in object MdocSession
and imported subsequently by import 
  (<error Not found: kantan>#csv : 
    <error Not found: kantan>
  )
._
    $doc.endStatement();


[31merror[39m: 
worksheet.worksheet.sc:43 (mdoc generated code) 
 Reference to $doc is ambiguous,
it is both defined in object MdocSession
and imported subsequently by import 
  (<error Not found: kantan>#csv : 
    <error Not found: kantan>
  )
._
    $doc.startStatement(30, 0, 30, 61);


[31merror[39m: scalorie-tracker/src/main/scala/worksheet.worksheet.sc:31:31: 
<error Not found: kantan>#csv.List
   does not take type parameters
def meal(name: String, foods: List[Food]) = Meal(name, foods)
                              ^^^^^^^^^^
[31merror[39m: scalorie-tracker/src/main/scala/worksheet.worksheet.sc:31:45: 
Reference to constructor proxy for class Meal in class MdocApp
shadows outer reference to value Meal
def meal(name: String, foods: List[Food]) = Meal(name, foods)
                                            ^^^^
[31merror[39m: 
worksheet.worksheet.sc:45 (mdoc generated code) 
 Reference to $doc is ambiguous,
it is both defined in object MdocSession
and imported subsequently by import 
  (<error Not found: kantan>#csv : 
    <error Not found: kantan>
  )
._
    $doc.endStatement();


[31merror[39m: 
worksheet.worksheet.sc:46 (mdoc generated code) 
 Reference to $doc is ambiguous,
it is both defined in object MdocSession
and imported subsequently by import 
  (<error Not found: kantan>#csv : 
    <error Not found: kantan>
  )
._
    $doc.startStatement(33, 0, 33, 40);


[31merror[39m: 
worksheet.worksheet.sc:48 (mdoc generated code) 
 Reference to $doc is ambiguous,
it is both defined in object MdocSession
and imported subsequently by import 
  (<error Not found: kantan>#csv : 
    <error Not found: kantan>
  )
._
    $doc.endStatement();


[31merror[39m: 
worksheet.worksheet.sc:49 (mdoc generated code) 
 Reference to $doc is ambiguous,
it is both defined in object MdocSession
and imported subsequently by import 
  (<error Not found: kantan>#csv : 
    <error Not found: kantan>
  )
._
    $doc.startStatement(34, 0, 40, 1);


[31merror[39m: 
worksheet.worksheet.sc:57 (mdoc generated code) 
 Reference to $doc is ambiguous,
it is both defined in object MdocSession
and imported subsequently by import 
  (<error Not found: kantan>#csv : 
    <error Not found: kantan>
  )
._
    $doc.endStatement();


[31merror[39m: 
worksheet.worksheet.sc:58 (mdoc generated code) 
 Reference to $doc is ambiguous,
it is both defined in object MdocSession
and imported subsequently by import 
  (<error Not found: kantan>#csv : 
    <error Not found: kantan>
  )
._
    $doc.startStatement(42, 0, 42, 30);


[31merror[39m: 
worksheet.worksheet.sc:60 (mdoc generated code) 
 Reference to $doc is ambiguous,
it is both defined in object MdocSession
and imported subsequently by import 
  (<error Not found: kantan>#csv : 
    <error Not found: kantan>
  )
._
    $doc.binder(pasta, 42, 4, 42, 9);


[31merror[39m: 
worksheet.worksheet.sc:61 (mdoc generated code) 
 Reference to $doc is ambiguous,
it is both defined in object MdocSession
and imported subsequently by import 
  (<error Not found: kantan>#csv : 
    <error Not found: kantan>
  )
._
    $doc.endStatement();


[31merror[39m: 
worksheet.worksheet.sc:62 (mdoc generated code) 
 Reference to $doc is ambiguous,
it is both defined in object MdocSession
and imported subsequently by import 
  (<error Not found: kantan>#csv : 
    <error Not found: kantan>
  )
._
    $doc.startStatement(43, 0, 43, 66);


[31merror[39m: 
worksheet.worksheet.sc:64 (mdoc generated code) 
 Reference to $doc is ambiguous,
it is both defined in object MdocSession
and imported subsequently by import 
  (<error Not found: kantan>#csv : 
    <error Not found: kantan>
  )
._
    $doc.binder(breakfast, 43, 4, 43, 13);


[31merror[39m: 
worksheet.worksheet.sc:65 (mdoc generated code) 
 Reference to $doc is ambiguous,
it is both defined in object MdocSession
and imported subsequently by import 
  (<error Not found: kantan>#csv : 
    <error Not found: kantan>
  )
._
    $doc.endStatement();


[31merror[39m: 
worksheet.worksheet.sc:66 (mdoc generated code) 
 Reference to $doc is ambiguous,
it is both defined in object MdocSession
and imported subsequently by import 
  (<error Not found: kantan>#csv : 
    <error Not found: kantan>
  )
._
    $doc.startStatement(45, 0, 45, 15);


[31merror[39m: 
worksheet.worksheet.sc:69 (mdoc generated code) 
 Reference to $doc is ambiguous,
it is both defined in object MdocSession
and imported subsequently by import 
  (<error Not found: kantan>#csv : 
    <error Not found: kantan>
  )
._
    $doc.binder(res0, 45, 0, 45, 15);


[31merror[39m: 
worksheet.worksheet.sc:70 (mdoc generated code) 
 Reference to $doc is ambiguous,
it is both defined in object MdocSession
and imported subsequently by import 
  (<error Not found: kantan>#csv : 
    <error Not found: kantan>
  )
._
    $doc.endStatement();


[31merror[39m: 
worksheet.worksheet.sc:71 (mdoc generated code) 
 Reference to $doc is ambiguous,
it is both defined in object MdocSession
and imported subsequently by import 
  (<error Not found: kantan>#csv : 
    <error Not found: kantan>
  )
._
    $doc.startStatement(46, 0, 46, 19);


[31merror[39m: 
worksheet.worksheet.sc:74 (mdoc generated code) 
 Reference to $doc is ambiguous,
it is both defined in object MdocSession
and imported subsequently by import 
  (<error Not found: kantan>#csv : 
    <error Not found: kantan>
  )
._
    $doc.binder(res1, 46, 0, 46, 19);


[31merror[39m: 
worksheet.worksheet.sc:75 (mdoc generated code) 
 Reference to $doc is ambiguous,
it is both defined in object MdocSession
and imported subsequently by import 
  (<error Not found: kantan>#csv : 
    <error Not found: kantan>
  )
._
    $doc.endStatement();


[31merror[39m: 
worksheet.worksheet.sc:76 (mdoc generated code) 
 Reference to $doc is ambiguous,
it is both defined in object MdocSession
and imported subsequently by import 
  (<error Not found: kantan>#csv : 
    <error Not found: kantan>
  )
._
    $doc.startStatement(49, 0, 49, 29);


[31merror[39m: 
worksheet.worksheet.sc:79 (mdoc generated code) 
 Reference to $doc is ambiguous,
it is both defined in object MdocSession
and imported subsequently by import 
  (<error Not found: kantan>#csv : 
    <error Not found: kantan>
  )
._
    $doc.binder(res2, 49, 0, 49, 29);


[31merror[39m: 
worksheet.worksheet.sc:80 (mdoc generated code) 
 Reference to $doc is ambiguous,
it is both defined in object MdocSession
and imported subsequently by import 
  (<error Not found: kantan>#csv : 
    <error Not found: kantan>
  )
._
    $doc.endStatement();


[31merror[39m: 
worksheet.worksheet.sc:81 (mdoc generated code) 
 Reference to $doc is ambiguous,
it is both defined in object MdocSession
and imported subsequently by import 
  (<error Not found: kantan>#csv : 
    <error Not found: kantan>
  )
._
    $doc.endSection();


2023.04.19 20:41:15 INFO  time: evaluated worksheet 'worksheet.worksheet.sc' in 1.1s
2023.04.19 20:41:23 WARN  no build target for: /workspaces/artifact-carsonfrench/scalorie-tracker/src/main/scala/worksheet.worksheet.sc
[31merror[39m: scalorie-tracker/src/main/scala/worksheet.worksheet.sc:21:30: *-parameter must come last
class Meal(val name: String, val foods: String*, val newFoods: Food*) // need to add a method that logs the meal
                             ^^^^^^^^^^^^^^^^^^
2023.04.19 20:41:24 INFO  time: evaluated worksheet 'worksheet.worksheet.sc' in 0.95s
2023.04.19 20:41:45 WARN  no build target for: /workspaces/artifact-carsonfrench/scalorie-tracker/src/main/scala/time.worksheet.sc
2023.04.19 20:41:48 INFO  no build target found for /workspaces/artifact-carsonfrench/scalorie-tracker/src/main/scala/time.worksheet.sc. Using presentation compiler with project's scala-library version: 3.2.2
2023.04.19 20:41:48 INFO  time: evaluated worksheet 'time.worksheet.sc' in 3.01s
2023.04.19 20:42:00 WARN  no build target for: /workspaces/artifact-carsonfrench/scalorie-tracker/src/main/scala/time.worksheet.sc
[31merror[39m: scalorie-tracker/src/main/scala/time.worksheet.sc:2:8: 
value github is not a member of com
import com.github.nscala_time.time.Imports._
       ^^^^^^^^^^
[31merror[39m: 
time.worksheet.sc:8 (mdoc generated code) 
 Reference to $doc is ambiguous,
it is both defined in object MdocSession
and imported subsequently by import 
  (<error value github is not a member of com>#
    nscala_time
  .time.Imports : <error value github is not a member of com>
    
  )
._
    $doc.endStatement();


[31merror[39m: 
time.worksheet.sc:9 (mdoc generated code) 
 Reference to $doc is ambiguous,
it is both defined in object MdocSession
and imported subsequently by import 
  (<error value github is not a member of com>#
    nscala_time
  .time.Imports : <error value github is not a member of com>
    
  )
._
    $doc.startStatement(3, 0, 3, 28);


[31merror[39m: 
time.worksheet.sc:11 (mdoc generated code) 
 Reference to $doc is ambiguous,
it is both defined in object MdocSession
and imported subsequently by import 
  (<error value github is not a member of com>#
    nscala_time
  .time.Imports : <error value github is not a member of com>
    
  )
._
    $doc.endStatement();


[31merror[39m: 
time.worksheet.sc:12 (mdoc generated code) 
 Reference to $doc is ambiguous,
it is both defined in object MdocSession
and imported subsequently by import 
  (<error value github is not a member of com>#
    nscala_time
  .time.Imports : <error value github is not a member of com>
    
  )
._
    $doc.endSection();


2023.04.19 20:42:01 INFO  time: evaluated worksheet 'time.worksheet.sc' in 0.39s
2023.04.19 20:42:18 WARN  no build target for: /workspaces/artifact-carsonfrench/scalorie-tracker/src/main/scala/time.worksheet.sc
[31merror[39m: scalorie-tracker/src/main/scala/time.worksheet.sc:2:8: 
value github is not a member of com
import com.github.nscala_time.time.Imports._
       ^^^^^^^^^^
[31merror[39m: 
time.worksheet.sc:8 (mdoc generated code) 
 Reference to $doc is ambiguous,
it is both defined in object MdocSession
and imported subsequently by import 
  (<error value github is not a member of com>#
    nscala_time
  .time.Imports : <error value github is not a member of com>
    
  )
._
    $doc.endStatement();


[31merror[39m: 
time.worksheet.sc:9 (mdoc generated code) 
 Reference to $doc is ambiguous,
it is both defined in object MdocSession
and imported subsequently by import 
  (<error value github is not a member of com>#
    nscala_time
  .time.Imports : <error value github is not a member of com>
    
  )
._
    $doc.startStatement(3, 0, 3, 28);


[31merror[39m: 
time.worksheet.sc:11 (mdoc generated code) 
 Reference to $doc is ambiguous,
it is both defined in object MdocSession
and imported subsequently by import 
  (<error value github is not a member of com>#
    nscala_time
  .time.Imports : <error value github is not a member of com>
    
  )
._
    $doc.endStatement();


[31merror[39m: 
time.worksheet.sc:12 (mdoc generated code) 
 Reference to $doc is ambiguous,
it is both defined in object MdocSession
and imported subsequently by import 
  (<error value github is not a member of com>#
    nscala_time
  .time.Imports : <error value github is not a member of com>
    
  )
._
    $doc.endSection();


2023.04.19 20:42:18 INFO  time: evaluated worksheet 'time.worksheet.sc' in 0.24s
2023.04.19 20:42:20 WARN  no build target for: /workspaces/artifact-carsonfrench/scalorie-tracker/src/main/scala/time.worksheet.sc
[31merror[39m: scalorie-tracker/src/main/scala/time.worksheet.sc:1:8: 
value github is not a member of com
import com.github.nscala_time.time.Imports._
       ^^^^^^^^^^
[31merror[39m: 
time.worksheet.sc:8 (mdoc generated code) 
 Reference to $doc is ambiguous,
it is both defined in object MdocSession
and imported subsequently by import 
  (<error value github is not a member of com>#
    nscala_time
  .time.Imports : <error value github is not a member of com>
    
  )
._
    $doc.endStatement();


[31merror[39m: 
time.worksheet.sc:9 (mdoc generated code) 
 Reference to $doc is ambiguous,
it is both defined in object MdocSession
and imported subsequently by import 
  (<error value github is not a member of com>#
    nscala_time
  .time.Imports : <error value github is not a member of com>
    
  )
._
    $doc.startStatement(2, 0, 2, 28);


[31merror[39m: 
time.worksheet.sc:11 (mdoc generated code) 
 Reference to $doc is ambiguous,
it is both defined in object MdocSession
and imported subsequently by import 
  (<error value github is not a member of com>#
    nscala_time
  .time.Imports : <error value github is not a member of com>
    
  )
._
    $doc.endStatement();


[31merror[39m: 
time.worksheet.sc:12 (mdoc generated code) 
 Reference to $doc is ambiguous,
it is both defined in object MdocSession
and imported subsequently by import 
  (<error value github is not a member of com>#
    nscala_time
  .time.Imports : <error value github is not a member of com>
    
  )
._
    $doc.endSection();


2023.04.19 20:42:20 INFO  time: evaluated worksheet 'time.worksheet.sc' in 0.16s
2023.04.19 20:42:38 WARN  no build target for: /workspaces/artifact-carsonfrench/scalorie-tracker/src/main/scala/time.scala
2023.04.19 20:42:42 WARN  no build target for: /workspaces/artifact-carsonfrench/scalorie-tracker/src/main/scala/time.scala
2023.04.19 20:42:44 WARN  no build target for: /workspaces/artifact-carsonfrench/scalorie-tracker/src/main/scala/time.scala
2023.04.19 20:42:47 WARN  no build target for: /workspaces/artifact-carsonfrench/scalorie-tracker/src/main/scala/time.scala
2023.04.19 20:42:55 WARN  no build target for: /workspaces/artifact-carsonfrench/scalorie-tracker/src/main/scala/Main.scala
2023.04.19 20:43:30 INFO  Started: Metals version 0.11.11+102-bd909547-SNAPSHOT in workspace '/workspaces/artifact-carsonfrench' for client Visual Studio Code 1.77.3.
Apr 19, 2023 8:43:30 PM org.flywaydb.core.internal.license.VersionPrinter printVersionOnly
INFO: Flyway Community Edition 9.16.3 by Redgate
Apr 19, 2023 8:43:30 PM org.flywaydb.core.internal.license.VersionPrinter printVersion
INFO: See release notes here: https://rd.gt/416ObMi
Apr 19, 2023 8:43:30 PM org.flywaydb.core.internal.license.VersionPrinter printVersion
INFO: 
Apr 19, 2023 8:43:34 PM org.flywaydb.core.internal.database.base.BaseDatabaseType createDatabase
INFO: Database: jdbc:h2:file:/workspaces/artifact-carsonfrench/.metals/metals (H2 2.1)
Apr 19, 2023 8:43:34 PM org.flywaydb.core.internal.command.DbValidate validate
INFO: Successfully validated 4 migrations (execution time 00:00.037s)
Apr 19, 2023 8:43:34 PM org.flywaydb.core.internal.command.DbMigrate migrateGroup
INFO: Current version of schema "PUBLIC": 4
Apr 19, 2023 8:43:34 PM org.flywaydb.core.internal.command.DbMigrate logSummary
INFO: Schema "PUBLIC" is up to date. No migration necessary.
2023.04.19 20:43:34 INFO  time: initialize in 4.32s
2023.04.19 20:43:37 WARN  Build server is not auto-connectable.
2023.04.19 20:43:37 WARN  no build tool detected in workspace '/workspaces/artifact-carsonfrench'. The most common cause for this problem is that the editor was opened in the wrong working directory, for example if you use sbt then the workspace directory should contain build.sbt. 
2023.04.19 20:43:37 WARN  no build target for: /workspaces/artifact-carsonfrench/scalorie-tracker/src/main/scala/weight.scala
2023.04.19 20:43:37 WARN  no build target for: /workspaces/artifact-carsonfrench/scalorie-tracker/src/main/scala/Main.scala
2023.04.19 20:43:37 WARN  no build target for: /workspaces/artifact-carsonfrench/scalorie-tracker/build.sbt
2023.04.19 20:43:37 WARN  no build target for: /workspaces/artifact-carsonfrench/scalorie-tracker/src/main/scala/time.scala
2023.04.19 20:43:37 WARN  no build target for: /workspaces/artifact-carsonfrench/scalorie-tracker/src/main/scala/worksheet.worksheet.sc
2023.04.19 20:43:42 INFO  no build target found for /workspaces/artifact-carsonfrench/scalorie-tracker/src/main/scala/Main.scala. Using presentation compiler with project's scala-library version: 3.2.2
2023.04.19 20:43:44 INFO  time: code lens generation in 6.81s
2023.04.19 20:43:56 WARN  no build target for: /workspaces/artifact-carsonfrench/scalorie-tracker/src/main/scala/weight.scala
Apr 19, 2023 8:44:03 PM org.eclipse.lsp4j.jsonrpc.RemoteEndpoint handleCancellation
WARNING: Unmatched cancel notification for request id 44
2023.04.19 20:44:08 WARN  no build target for: /workspaces/artifact-carsonfrench/scalorie-tracker/src/main/scala/time.scala
2023.04.19 20:45:04 WARN  no build target for: /workspaces/artifact-carsonfrench/scalorie-tracker/src/main/scala/time.scala
2023.04.19 20:45:31 WARN  no build target for: /workspaces/artifact-carsonfrench/scalorie-tracker/src/main/scala/time.scala
2023.04.19 20:55:25 WARN  no build target for: /workspaces/artifact-carsonfrench/scalorie-tracker/src/main/scala/weight.scala
2023.04.19 20:55:31 WARN  no build target for: /workspaces/artifact-carsonfrench/scalorie-tracker/src/main/scala/weight.scala
2023.04.19 20:55:36 WARN  no build target for: /workspaces/artifact-carsonfrench/scalorie-tracker/src/main/scala/weight.scala
2023.04.19 20:55:39 WARN  no build target for: /workspaces/artifact-carsonfrench/scalorie-tracker/src/main/scala/weight.scala
2023.04.19 20:55:50 WARN  no build target for: /workspaces/artifact-carsonfrench/scalorie-tracker/src/main/scala/weight.scala
2023.04.19 20:55:57 WARN  no build target for: /workspaces/artifact-carsonfrench/scalorie-tracker/src/main/scala/weight.scala
2023.04.19 20:56:01 WARN  no build target for: /workspaces/artifact-carsonfrench/scalorie-tracker/src/main/scala/weight.scala
2023.04.19 20:56:43 WARN  no build target for: /workspaces/artifact-carsonfrench/scalorie-tracker/src/main/scala/weight.scala
2023.04.19 20:56:51 WARN  no build target for: /workspaces/artifact-carsonfrench/scalorie-tracker/src/main/scala/weight.scala
2023.04.19 20:56:58 WARN  no build target for: /workspaces/artifact-carsonfrench/scalorie-tracker/src/main/scala/weight.scala
2023.04.19 20:57:00 WARN  no build target for: /workspaces/artifact-carsonfrench/scalorie-tracker/src/main/scala/weight.scala
2023.04.19 20:57:03 WARN  no build target for: /workspaces/artifact-carsonfrench/scalorie-tracker/src/main/scala/weight.scala
2023.04.19 20:57:54 WARN  no build target for: /workspaces/artifact-carsonfrench/scalorie-tracker/src/main/scala/weight.scala
2023.04.19 20:57:58 WARN  no build target for: /workspaces/artifact-carsonfrench/scalorie-tracker/src/main/scala/weight.scala
2023.04.19 20:58:04 WARN  no build target for: /workspaces/artifact-carsonfrench/scalorie-tracker/src/main/scala/weight.scala
2023.04.19 20:58:07 WARN  no build target for: /workspaces/artifact-carsonfrench/scalorie-tracker/src/main/scala/weight.scala
2023.04.19 20:58:11 WARN  no build target for: /workspaces/artifact-carsonfrench/scalorie-tracker/src/main/scala/weight.scala
2023.04.19 20:58:13 WARN  no build target for: /workspaces/artifact-carsonfrench/scalorie-tracker/src/main/scala/weight.scala
2023.04.19 20:58:15 WARN  no build target for: /workspaces/artifact-carsonfrench/scalorie-tracker/src/main/scala/weight.scala
2023.04.19 20:58:16 WARN  no build target for: /workspaces/artifact-carsonfrench/scalorie-tracker/src/main/scala/weight.scala
2023.04.19 20:58:23 WARN  no build target for: /workspaces/artifact-carsonfrench/scalorie-tracker/src/main/scala/weight.scala
2023.04.19 20:58:25 WARN  no build target for: /workspaces/artifact-carsonfrench/scalorie-tracker/src/main/scala/weight.scala
2023.04.19 20:58:32 WARN  no build target for: /workspaces/artifact-carsonfrench/scalorie-tracker/src/main/scala/weight.scala
2023.04.19 20:58:35 WARN  no build target for: /workspaces/artifact-carsonfrench/scalorie-tracker/src/main/scala/weight.scala
2023.04.19 20:58:42 WARN  no build target for: /workspaces/artifact-carsonfrench/scalorie-tracker/src/main/scala/weight.scala
2023.04.19 20:58:47 WARN  no build target for: /workspaces/artifact-carsonfrench/scalorie-tracker/src/main/scala/weight.scala
2023.04.19 20:58:54 WARN  no build target for: /workspaces/artifact-carsonfrench/scalorie-tracker/src/main/scala/weight.scala
2023.04.19 20:59:07 WARN  no build target for: /workspaces/artifact-carsonfrench/scalorie-tracker/src/main/scala/weight.scala
2023.04.19 20:59:12 WARN  no build target for: /workspaces/artifact-carsonfrench/scalorie-tracker/src/main/scala/weight.scala
Apr 19, 2023 8:59:16 PM org.eclipse.lsp4j.jsonrpc.RemoteEndpoint fallbackResponseError
SEVERE: Internal error: java.lang.ArrayIndexOutOfBoundsException: Index 55 out of bounds for length 55
java.util.concurrent.CompletionException: java.lang.ArrayIndexOutOfBoundsException: Index 55 out of bounds for length 55
	at java.base/java.util.concurrent.CompletableFuture.encodeThrowable(CompletableFuture.java:332)
	at java.base/java.util.concurrent.CompletableFuture.completeThrowable(CompletableFuture.java:347)
	at java.base/java.util.concurrent.CompletableFuture$UniAccept.tryFire(CompletableFuture.java:708)
	at java.base/java.util.concurrent.CompletableFuture.postComplete(CompletableFuture.java:510)
	at java.base/java.util.concurrent.CompletableFuture.completeExceptionally(CompletableFuture.java:2194)
	at scala.meta.internal.metals.CancelTokens$.$anonfun$future$1(CancelTokens.scala:40)
	at scala.meta.internal.metals.CancelTokens$.$anonfun$future$1$adapted(CancelTokens.scala:38)
	at scala.concurrent.impl.Promise$Transformation.run(Promise.scala:484)
	at java.base/java.util.concurrent.ThreadPoolExecutor.runWorker(ThreadPoolExecutor.java:1144)
	at java.base/java.util.concurrent.ThreadPoolExecutor$Worker.run(ThreadPoolExecutor.java:642)
	at java.base/java.lang.Thread.run(Thread.java:1589)
Caused by: java.lang.ArrayIndexOutOfBoundsException: Index 55 out of bounds for length 55
	at scala.meta.tokens.Tokens.apply(Tokens.scala:34)
	at scala.meta.internal.parsers.ScannerTokens.apply(ScannerTokens.scala:38)
	at scala.meta.internal.parsers.LazyTokenIterator.nextToken(LazyTokenIterator.scala:202)
	at scala.meta.internal.parsers.LazyTokenIterator.next(LazyTokenIterator.scala:63)
	at scala.meta.internal.parsers.ScalametaParser.next(ScalametaParser.scala:185)
	at scala.meta.internal.parsers.ScalametaParser.scala$meta$internal$parsers$ScalametaParser$$next(ScalametaParser.scala:228)
	at scala.meta.internal.parsers.ScalametaParser.ahead(ScalametaParser.scala:201)
	at scala.meta.internal.parsers.ScalametaParser.blockExpr(ScalametaParser.scala:2386)
	at scala.meta.internal.parsers.ScalametaParser.simpleExprRest(ScalametaParser.scala:2242)
	at scala.meta.internal.parsers.ScalametaParser.$anonfun$simpleExpr0$3(ScalametaParser.scala:2153)
	at scala.util.Success.map(Try.scala:262)
	at scala.meta.internal.parsers.ScalametaParser.simpleExpr0(ScalametaParser.scala:2153)
	at scala.meta.internal.parsers.ScalametaParser.simpleExpr(ScalametaParser.scala:2103)
	at scala.meta.internal.parsers.ScalametaParser.prefixExpr(ScalametaParser.scala:2086)
	at scala.meta.internal.parsers.ScalametaParser.postfixExpr(ScalametaParser.scala:2005)
	at scala.meta.internal.parsers.ScalametaParser.$anonfun$expr$2(ScalametaParser.scala:1631)
	at scala.meta.internal.parsers.ScalametaParser.atPosOpt(ScalametaParser.scala:330)
	at scala.meta.internal.parsers.ScalametaParser.autoPosOpt(ScalametaParser.scala:380)
	at scala.meta.internal.parsers.ScalametaParser.expr(ScalametaParser.scala:1532)
	at scala.meta.internal.parsers.ScalametaParser.expr(ScalametaParser.scala:1419)
	at scala.meta.internal.parsers.ScalametaParser.exprMaybeIndented(ScalametaParser.scala:1443)
	at scala.meta.internal.parsers.ScalametaParser.$anonfun$funDefRest$1(ScalametaParser.scala:3646)
	at scala.meta.internal.parsers.ScalametaParser.autoEndPos(ScalametaParser.scala:382)
	at scala.meta.internal.parsers.ScalametaParser.autoEndPos(ScalametaParser.scala:387)
	at scala.meta.internal.parsers.ScalametaParser.funDefRest(ScalametaParser.scala:3612)
	at scala.meta.internal.parsers.ScalametaParser.funDefOrDclOrExtensionOrSecondaryCtor(ScalametaParser.scala:3556)
	at scala.meta.internal.parsers.ScalametaParser.defOrDclOrSecondaryCtor(ScalametaParser.scala:3378)
	at scala.meta.internal.parsers.ScalametaParser.nonLocalDefOrDcl(ScalametaParser.scala:3357)
	at scala.meta.internal.parsers.ScalametaParser$$anonfun$2.applyOrElse(ScalametaParser.scala:4286)
	at scala.meta.internal.parsers.ScalametaParser$$anonfun$2.applyOrElse(ScalametaParser.scala:4270)
	at scala.PartialFunction.$anonfun$runWith$1(PartialFunction.scala:231)
	at scala.PartialFunction.$anonfun$runWith$1$adapted(PartialFunction.scala:230)
	at scala.meta.internal.parsers.ScalametaParser.statSeqBuf(ScalametaParser.scala:4263)
	at scala.meta.internal.parsers.ScalametaParser.$anonfun$batchSource$14(ScalametaParser.scala:4476)
	at scala.Option.getOrElse(Option.scala:201)
	at scala.meta.internal.parsers.ScalametaParser.$anonfun$batchSource$1(ScalametaParser.scala:4476)
	at scala.meta.internal.parsers.ScalametaParser.atPos(ScalametaParser.scala:327)
	at scala.meta.internal.parsers.ScalametaParser.autoPos(ScalametaParser.scala:379)
	at scala.meta.internal.parsers.ScalametaParser.batchSource(ScalametaParser.scala:4431)
	at scala.meta.internal.parsers.ScalametaParser.$anonfun$source$1(ScalametaParser.scala:4424)
	at scala.meta.internal.parsers.ScalametaParser.atPos(ScalametaParser.scala:327)
	at scala.meta.internal.parsers.ScalametaParser.autoPos(ScalametaParser.scala:379)
	at scala.meta.internal.parsers.ScalametaParser.source(ScalametaParser.scala:4424)
	at scala.meta.internal.parsers.ScalametaParser.entrypointSource(ScalametaParser.scala:4429)
	at scala.meta.internal.parsers.ScalametaParser.parseSourceImpl(ScalametaParser.scala:129)
	at scala.meta.internal.parsers.ScalametaParser.$anonfun$parseSource$1(ScalametaParser.scala:126)
	at scala.meta.internal.parsers.ScalametaParser.parseRuleAfterBOF(ScalametaParser.scala:53)
	at scala.meta.internal.parsers.ScalametaParser.parseRule(ScalametaParser.scala:48)
	at scala.meta.internal.parsers.ScalametaParser.parseSource(ScalametaParser.scala:126)
	at scala.meta.parsers.Parse$.$anonfun$parseSource$1(Parse.scala:29)
	at scala.meta.parsers.Parse$$anon$1.apply(Parse.scala:36)
	at scala.meta.parsers.Api$XtensionParseDialectInput.parse(Api.scala:25)
	at scala.meta.internal.parsing.Trees.$anonfun$parse$2(Trees.scala:137)
	at scala.Option.map(Option.scala:242)
	at scala.meta.internal.parsing.Trees.parse(Trees.scala:130)
	at scala.meta.internal.parsing.Trees.didChange(Trees.scala:100)
	at scala.meta.internal.metals.MetalsLspService.$anonfun$parseTreesAndPublishDiags$2(MetalsLspService.scala:859)
	at scala.runtime.java8.JFunction0$mcV$sp.apply(JFunction0$mcV$sp.scala:18)
	at scala.concurrent.Future$.$anonfun$apply$1(Future.scala:678)
	at scala.concurrent.impl.Promise$Transformation.run(Promise.scala:467)
	... 3 more

2023.04.19 20:59:17 WARN  no build target for: /workspaces/artifact-carsonfrench/scalorie-tracker/src/main/scala/weight.scala
2023.04.19 20:59:19 WARN  no build target for: /workspaces/artifact-carsonfrench/scalorie-tracker/src/main/scala/weight.scala
2023.04.19 20:59:22 WARN  no build target for: /workspaces/artifact-carsonfrench/scalorie-tracker/src/main/scala/weight.scala
2023.04.19 20:59:23 WARN  no build target for: /workspaces/artifact-carsonfrench/scalorie-tracker/src/main/scala/weight.scala
2023.04.19 20:59:27 WARN  no build target for: /workspaces/artifact-carsonfrench/scalorie-tracker/src/main/scala/weight.scala
2023.04.19 20:59:28 WARN  no build target for: /workspaces/artifact-carsonfrench/scalorie-tracker/src/main/scala/weight.scala
2023.04.19 20:59:34 WARN  no build target for: /workspaces/artifact-carsonfrench/scalorie-tracker/src/main/scala/weight.scala
2023.04.19 20:59:37 WARN  no build target for: /workspaces/artifact-carsonfrench/scalorie-tracker/src/main/scala/weight.scala
2023.04.19 20:59:38 WARN  no build target for: /workspaces/artifact-carsonfrench/scalorie-tracker/src/main/scala/weight.scala
2023.04.19 20:59:40 WARN  no build target for: /workspaces/artifact-carsonfrench/scalorie-tracker/src/main/scala/weight.scala
2023.04.19 20:59:54 WARN  no build target for: /workspaces/artifact-carsonfrench/scalorie-tracker/src/main/scala/weight.scala
2023.04.19 20:59:58 WARN  no build target for: /workspaces/artifact-carsonfrench/scalorie-tracker/src/main/scala/weight.scala
2023.04.19 21:00:00 WARN  no build target for: /workspaces/artifact-carsonfrench/scalorie-tracker/src/main/scala/weight.scala
2023.04.19 21:00:02 WARN  no build target for: /workspaces/artifact-carsonfrench/scalorie-tracker/src/main/scala/weight.scala
2023.04.19 21:00:04 WARN  no build target for: /workspaces/artifact-carsonfrench/scalorie-tracker/src/main/scala/weight.scala
2023.04.19 21:00:05 WARN  no build target for: /workspaces/artifact-carsonfrench/scalorie-tracker/src/main/scala/weight.scala
2023.04.19 21:00:16 WARN  no build target for: /workspaces/artifact-carsonfrench/scalorie-tracker/src/main/scala/weight.scala
2023.04.19 21:01:30 WARN  no build target for: /workspaces/artifact-carsonfrench/scalorie-tracker/src/main/scala/weight.scala
2023.04.19 21:01:37 WARN  no build target for: /workspaces/artifact-carsonfrench/scalorie-tracker/src/main/scala/weight.scala
2023.04.19 21:01:39 WARN  no build target for: /workspaces/artifact-carsonfrench/scalorie-tracker/src/main/scala/weight.scala
2023.04.19 21:01:41 WARN  no build target for: /workspaces/artifact-carsonfrench/scalorie-tracker/src/main/scala/weight.scala
2023.04.19 21:01:42 WARN  no build target for: /workspaces/artifact-carsonfrench/scalorie-tracker/src/main/scala/time.scala
2023.04.19 21:01:48 WARN  no build target for: /workspaces/artifact-carsonfrench/scalorie-tracker/src/main/scala/Main.scala
2023.04.19 21:02:45 WARN  no build target for: /workspaces/artifact-carsonfrench/scalorie-tracker/src/main/scala/time.scala
2023.04.19 21:04:48 WARN  no build target for: /workspaces/artifact-carsonfrench/scalorie-tracker/src/main/scala/weight.scala
2023.04.19 21:04:55 WARN  no build target for: /workspaces/artifact-carsonfrench/scalorie-tracker/src/main/scala/weight.scala
2023.04.19 21:05:00 WARN  no build target for: /workspaces/artifact-carsonfrench/scalorie-tracker/src/main/scala/weight.scala
2023.04.19 21:05:15 WARN  no build target for: /workspaces/artifact-carsonfrench/scalorie-tracker/src/main/scala/weight.scala
2023.04.19 21:05:17 WARN  no build target for: /workspaces/artifact-carsonfrench/scalorie-tracker/src/main/scala/weight.scala
2023.04.19 21:06:18 WARN  no build target for: /workspaces/artifact-carsonfrench/tracker/src/main/scala/time.scala
2023.04.19 21:06:18 WARN  no build target for: /workspaces/artifact-carsonfrench/tracker/src/main/scala/weight.scala
2023.04.19 21:06:18 WARN  no build target for: /workspaces/artifact-carsonfrench/tracker/build.sbt
2023.04.19 21:06:18 WARN  no build target for: /workspaces/artifact-carsonfrench/tracker/src/main/scala/worksheet.worksheet.sc
[31merror[39m: tracker/src/main/scala/worksheet.worksheet.sc:21:30: *-parameter must come last
class Meal(val name: String, val foods: String*, val newFoods: Food*) // need to add a method that logs the meal
                             ^^^^^^^^^^^^^^^^^^
2023.04.19 21:06:27 INFO  no build target found for /workspaces/artifact-carsonfrench/tracker/src/main/scala/worksheet.worksheet.sc. Using presentation compiler with project's scala-library version: 3.2.2
2023.04.19 21:06:27 INFO  time: evaluated worksheet 'worksheet.worksheet.sc' in 8.93s
Apr 19, 2023 9:06:31 PM org.eclipse.lsp4j.jsonrpc.RemoteEndpoint handleCancellation
WARNING: Unmatched cancel notification for request id 1329
2023.04.19 21:06:35 WARN  no build target for: /workspaces/artifact-carsonfrench/tracker/src/main/scala/weight.scala
2023.04.19 21:06:40 WARN  no build target for: /workspaces/artifact-carsonfrench/tracker/src/main/scala/weight.scala
2023.04.19 21:07:44 WARN  no build target for: /workspaces/artifact-carsonfrench/tracker/src/main/scala/weight.scala
2023.04.19 21:07:49 WARN  no build target for: /workspaces/artifact-carsonfrench/tracker/src/main/scala/time.scala
2023.04.19 21:07:54 WARN  no build target for: /workspaces/artifact-carsonfrench/tracker/src/main/scala/time.scala
2023.04.19 21:07:55 WARN  no build target for: /workspaces/artifact-carsonfrench/tracker/src/main/scala/time.scala
2023.04.19 21:07:56 WARN  no build target for: /workspaces/artifact-carsonfrench/tracker/src/main/scala/time.scala
2023.04.19 21:08:05 WARN  no build target for: /workspaces/artifact-carsonfrench/tracker/src/main/scala/time.scala
2023.04.19 21:08:06 WARN  no build target for: /workspaces/artifact-carsonfrench/tracker/src/main/scala/time.scala
2023.04.19 21:12:56 WARN  no build target for: /workspaces/artifact-carsonfrench/tracker/src/main/scala/weight.scala
2023.04.19 21:13:00 ERROR Could not find the correct names for arguments at TextDocumentPositionParams [
  textDocument = TextDocumentIdentifier [
    uri = "file:///workspaces/artifact-carsonfrench/tracker/src/main/scala/weight.scala"
  ]
  position = Position [
    line = 5
    character = 89
  ]
] with indices 0,1
Apr 19, 2023 9:13:04 PM org.eclipse.lsp4j.jsonrpc.RemoteEndpoint handleCancellation
WARNING: Unmatched cancel notification for request id 1536
2023.04.19 21:13:10 ERROR Could not find the correct names for arguments at TextDocumentPositionParams [
  textDocument = TextDocumentIdentifier [
    uri = "file:///workspaces/artifact-carsonfrench/tracker/src/main/scala/weight.scala"
  ]
  position = Position [
    line = 5
    character = 89
  ]
] with indices 0,1
2023.04.19 21:13:30 WARN  no build target for: /workspaces/artifact-carsonfrench/tracker/src/main/scala/weight.scala
Apr 19, 2023 9:13:30 PM org.eclipse.lsp4j.jsonrpc.RemoteEndpoint handleCancellation
WARNING: Unmatched cancel notification for request id 1561
Apr 19, 2023 9:13:30 PM org.eclipse.lsp4j.jsonrpc.RemoteEndpoint handleCancellation
WARNING: Unmatched cancel notification for request id 1564
2023.04.19 21:13:32 WARN  no build target for: /workspaces/artifact-carsonfrench/tracker/src/main/scala/weight.scala
2023.04.19 21:13:38 WARN  no build target for: /workspaces/artifact-carsonfrench/tracker/src/main/scala/weight.scala
2023.04.19 21:13:42 WARN  no build target for: /workspaces/artifact-carsonfrench/tracker/src/main/scala/weight.scala
2023.04.19 21:13:48 WARN  no build target for: /workspaces/artifact-carsonfrench/tracker/src/main/scala/weight.scala
2023.04.19 21:13:52 WARN  no build target for: /workspaces/artifact-carsonfrench/tracker/src/main/scala/weight.scala
2023.04.19 21:13:53 WARN  no build target for: /workspaces/artifact-carsonfrench/tracker/src/main/scala/weight.scala
2023.04.19 21:16:10 WARN  no build target for: /workspaces/artifact-carsonfrench/tracker/src/main/scala/time.scala
2023.04.19 21:16:12 WARN  no build target for: /workspaces/artifact-carsonfrench/tracker/src/main/scala/time.scala
2023.04.19 21:18:01 WARN  no build target for: /workspaces/artifact-carsonfrench/tracker/src/main/scala/time.scala
2023.04.19 21:18:02 WARN  no build target for: /workspaces/artifact-carsonfrench/tracker/src/main/scala/time.scala
2023.04.19 21:18:09 WARN  no build target for: /workspaces/artifact-carsonfrench/tracker/src/main/scala/time.scala
2023.04.19 21:18:10 WARN  no build target for: /workspaces/artifact-carsonfrench/tracker/src/main/scala/time.scala
2023.04.19 21:18:56 WARN  no build target for: /workspaces/artifact-carsonfrench/tracker/src/main/scala/weight.scala
2023.04.19 21:18:59 WARN  no build target for: /workspaces/artifact-carsonfrench/tracker/src/main/scala/weight.scala
2023.04.19 21:19:15 WARN  no build target for: /workspaces/artifact-carsonfrench/tracker/src/main/scala/weight.scala
2023.04.19 21:19:16 WARN  no build target for: /workspaces/artifact-carsonfrench/tracker/src/main/scala/weight.scala
2023.04.19 21:19:59 WARN  no build target for: /workspaces/artifact-carsonfrench/tracker/src/main/scala/weight.scala
2023.04.19 21:21:19 WARN  no build target for: /workspaces/artifact-carsonfrench/tracker/src/main/scala/worksheet2.worksheet.sc
2023.04.19 21:21:22 INFO  no build target found for /workspaces/artifact-carsonfrench/tracker/src/main/scala/worksheet2.worksheet.sc. Using presentation compiler with project's scala-library version: 3.2.2
2023.04.19 21:21:22 INFO  time: evaluated worksheet 'worksheet2.worksheet.sc' in 3.37s
2023.04.19 21:21:32 WARN  no build target for: /workspaces/artifact-carsonfrench/tracker/src/main/scala/worksheet2.worksheet.sc
[31merror[39m: tracker/src/main/scala/worksheet2.worksheet.sc:1:4: illegal start of simple pattern
var
   ^
2023.04.19 21:21:32 INFO  time: evaluated worksheet 'worksheet2.worksheet.sc' in 0.57s
2023.04.19 21:21:33 WARN  no build target for: /workspaces/artifact-carsonfrench/tracker/src/main/scala/worksheet2.worksheet.sc
[31merror[39m: tracker/src/main/scala/worksheet2.worksheet.sc:1:5: illegal start of simple pattern
var 
    ^
2023.04.19 21:21:34 INFO  time: evaluated worksheet 'worksheet2.worksheet.sc' in 0.4s
2023.04.19 21:21:40 WARN  no build target for: /workspaces/artifact-carsonfrench/tracker/src/main/scala/worksheet2.worksheet.sc
[31merror[39m: tracker/src/main/scala/worksheet2.worksheet.sc:1:15: = expected but end of file found
var tupleList 
              ^
2023.04.19 21:21:40 INFO  time: evaluated worksheet 'worksheet2.worksheet.sc' in 0.38s
2023.04.19 21:21:42 WARN  no build target for: /workspaces/artifact-carsonfrench/tracker/src/main/scala/worksheet2.worksheet.sc
[31merror[39m: tracker/src/main/scala/worksheet2.worksheet.sc:1:17: identifier expected but end of file found
var tupleList : 
                ^
2023.04.19 21:21:42 INFO  time: evaluated worksheet 'worksheet2.worksheet.sc' in 0.49s
2023.04.19 21:21:44 WARN  no build target for: /workspaces/artifact-carsonfrench/tracker/src/main/scala/worksheet2.worksheet.sc
2023.04.19 21:21:44 INFO  time: evaluated worksheet 'worksheet2.worksheet.sc' in 0.33s
2023.04.19 21:21:47 WARN  no build target for: /workspaces/artifact-carsonfrench/tracker/src/main/scala/worksheet2.worksheet.sc
2023.04.19 21:21:48 INFO  time: evaluated worksheet 'worksheet2.worksheet.sc' in 1.09s
2023.04.19 21:21:51 WARN  no build target for: /workspaces/artifact-carsonfrench/tracker/src/main/scala/worksheet2.worksheet.sc
2023.04.19 21:21:51 INFO  time: evaluated worksheet 'worksheet2.worksheet.sc' in 0.72s
2023.04.19 21:21:53 WARN  no build target for: /workspaces/artifact-carsonfrench/tracker/src/main/scala/worksheet2.worksheet.sc
2023.04.19 21:21:53 INFO  time: evaluated worksheet 'worksheet2.worksheet.sc' in 0.48s
2023.04.19 21:21:58 WARN  no build target for: /workspaces/artifact-carsonfrench/tracker/src/main/scala/worksheet2.worksheet.sc
[31merror[39m: tracker/src/main/scala/worksheet2.worksheet.sc:1:9: illegal start of simple expression
List((1,))
        ^
2023.04.19 21:21:59 INFO  time: evaluated worksheet 'worksheet2.worksheet.sc' in 0.35s
2023.04.19 21:22:01 WARN  no build target for: /workspaces/artifact-carsonfrench/tracker/src/main/scala/worksheet2.worksheet.sc
2023.04.19 21:22:02 INFO  time: evaluated worksheet 'worksheet2.worksheet.sc' in 0.67s
2023.04.19 21:22:20 WARN  no build target for: /workspaces/artifact-carsonfrench/tracker/src/main/scala/weight.scala
2023.04.19 21:22:37 WARN  no build target for: /workspaces/artifact-carsonfrench/tracker/src/main/scala/weight.scala
2023.04.19 21:22:54 INFO  Started: Metals version 0.11.11+102-bd909547-SNAPSHOT in workspace '/workspaces/artifact-carsonfrench' for client Visual Studio Code 1.77.3.
Apr 19, 2023 9:22:54 PM org.flywaydb.core.internal.license.VersionPrinter printVersionOnly
INFO: Flyway Community Edition 9.16.3 by Redgate
Apr 19, 2023 9:22:54 PM org.flywaydb.core.internal.license.VersionPrinter printVersion
INFO: See release notes here: https://rd.gt/416ObMi
Apr 19, 2023 9:22:54 PM org.flywaydb.core.internal.license.VersionPrinter printVersion
INFO: 
Apr 19, 2023 9:22:58 PM org.flywaydb.core.internal.database.base.BaseDatabaseType createDatabase
INFO: Database: jdbc:h2:file:/workspaces/artifact-carsonfrench/.metals/metals (H2 2.1)
Apr 19, 2023 9:22:58 PM org.flywaydb.core.internal.command.DbValidate validate
INFO: Successfully validated 4 migrations (execution time 00:00.023s)
Apr 19, 2023 9:22:58 PM org.flywaydb.core.internal.command.DbMigrate migrateGroup
INFO: Current version of schema "PUBLIC": 4
Apr 19, 2023 9:22:58 PM org.flywaydb.core.internal.command.DbMigrate logSummary
INFO: Schema "PUBLIC" is up to date. No migration necessary.
2023.04.19 21:22:58 INFO  time: initialize in 4.14s
2023.04.19 21:23:01 WARN  Build server is not auto-connectable.
2023.04.19 21:23:01 WARN  no build tool detected in workspace '/workspaces/artifact-carsonfrench'. The most common cause for this problem is that the editor was opened in the wrong working directory, for example if you use sbt then the workspace directory should contain build.sbt. 
2023.04.19 21:23:01 WARN  no build target for: /workspaces/artifact-carsonfrench/tracker/src/main/scala/worksheet.worksheet.sc
2023.04.19 21:23:01 WARN  no build target for: /workspaces/artifact-carsonfrench/tracker/src/main/scala/weight.scala
2023.04.19 21:23:01 WARN  no build target for: /workspaces/artifact-carsonfrench/tracker/src/main/scala/worksheet2.worksheet.sc
2023.04.19 21:23:01 WARN  no build target for: /workspaces/artifact-carsonfrench/tracker/src/main/scala/time.scala
2023.04.19 21:23:01 WARN  no build target for: /workspaces/artifact-carsonfrench/tracker/build.sbt
2023.04.19 21:23:09 INFO  no build target found for /workspaces/artifact-carsonfrench/tracker/src/main/scala/worksheet.worksheet.sc. Using presentation compiler with project's scala-library version: 3.2.2
2023.04.19 21:23:14 INFO  time: code lens generation in 11s
2023.04.19 21:23:16 INFO  no build target found for /workspaces/artifact-carsonfrench/tracker/src/main/scala/worksheet2.worksheet.sc. Using presentation compiler with project's scala-library version: 3.2.2
2023.04.19 21:23:16 INFO  time: evaluated worksheet 'worksheet2.worksheet.sc' in 14s
2023.04.19 21:24:23 WARN  no build target for: /workspaces/artifact-carsonfrench/tracker/src/main/scala/weight.scala
2023.04.19 21:24:31 WARN  no build target for: /workspaces/artifact-carsonfrench/tracker/src/main/scala/weight.scala
2023.04.19 21:24:31 WARN  no build target for: /workspaces/artifact-carsonfrench/tracker/src/main/scala/weight.scala
2023.04.19 21:24:53 INFO  Started: Metals version 0.11.11+102-bd909547-SNAPSHOT in workspace '/workspaces/artifact-carsonfrench' for client Visual Studio Code 1.77.3.
Apr 19, 2023 9:24:53 PM org.flywaydb.core.internal.license.VersionPrinter printVersionOnly
INFO: Flyway Community Edition 9.16.3 by Redgate
Apr 19, 2023 9:24:53 PM org.flywaydb.core.internal.license.VersionPrinter printVersion
INFO: See release notes here: https://rd.gt/416ObMi
Apr 19, 2023 9:24:53 PM org.flywaydb.core.internal.license.VersionPrinter printVersion
INFO: 
Apr 19, 2023 9:24:57 PM org.flywaydb.core.internal.database.base.BaseDatabaseType createDatabase
INFO: Database: jdbc:h2:file:/workspaces/artifact-carsonfrench/.metals/metals (H2 2.1)
Apr 19, 2023 9:24:57 PM org.flywaydb.core.internal.command.DbValidate validate
INFO: Successfully validated 4 migrations (execution time 00:00.024s)
Apr 19, 2023 9:24:57 PM org.flywaydb.core.internal.command.DbMigrate migrateGroup
INFO: Current version of schema "PUBLIC": 4
Apr 19, 2023 9:24:57 PM org.flywaydb.core.internal.command.DbMigrate logSummary
INFO: Schema "PUBLIC" is up to date. No migration necessary.
2023.04.19 21:24:57 INFO  time: initialize in 4.11s
2023.04.19 21:24:59 WARN  Build server is not auto-connectable.
2023.04.19 21:24:59 WARN  no build tool detected in workspace '/workspaces/artifact-carsonfrench'. The most common cause for this problem is that the editor was opened in the wrong working directory, for example if you use sbt then the workspace directory should contain build.sbt. 
2023.04.19 21:24:59 WARN  no build target for: /workspaces/artifact-carsonfrench/tracker/src/main/scala/weight.scala
2023.04.19 21:24:59 WARN  no build target for: /workspaces/artifact-carsonfrench/tracker/build.sbt
2023.04.19 21:24:59 WARN  no build target for: /workspaces/artifact-carsonfrench/tracker/src/main/scala/worksheet.worksheet.sc
2023.04.19 21:24:59 WARN  no build target for: /workspaces/artifact-carsonfrench/tracker/src/main/scala/time.scala
2023.04.19 21:24:59 WARN  no build target for: /workspaces/artifact-carsonfrench/tracker/src/main/scala/worksheet2.worksheet.sc
2023.04.19 21:25:08 INFO  no build target found for /workspaces/artifact-carsonfrench/tracker/src/main/scala/worksheet2.worksheet.sc. Using presentation compiler with project's scala-library version: 3.2.2
2023.04.19 21:25:12 WARN  no build target for: /workspaces/artifact-carsonfrench/tracker/src/main/scala/weight.scala
2023.04.19 21:25:12 INFO  time: code lens generation in 3.38s
2023.04.19 21:25:13 INFO  time: code lens generation in 12s
2023.04.19 21:25:14 INFO  time: code lens generation in 2.67s
2023.04.19 21:25:15 INFO  no build target found for /workspaces/artifact-carsonfrench/tracker/src/main/scala/worksheet2.worksheet.sc. Using presentation compiler with project's scala-library version: 3.2.2
2023.04.19 21:25:15 INFO  time: evaluated worksheet 'worksheet2.worksheet.sc' in 15s
2023.04.19 21:25:22 WARN  no build target for: /workspaces/artifact-carsonfrench/tracker/src/main/scala/weight.scala
2023.04.19 21:25:26 WARN  no build target for: /workspaces/artifact-carsonfrench/tracker/src/main/scala/weight.scala
2023.04.19 21:25:29 WARN  no build target for: /workspaces/artifact-carsonfrench/tracker/src/main/scala/weight.scala
2023.04.19 21:25:55 WARN  no build target for: /workspaces/artifact-carsonfrench/tracker/src/main/scala/weight.scala
2023.04.19 21:26:22 WARN  no build target for: /workspaces/artifact-carsonfrench/tracker/src/main/scala/weight.scala
2023.04.19 21:26:43 INFO  Started: Metals version 0.11.11+102-bd909547-SNAPSHOT in workspace '/workspaces/artifact-carsonfrench' for client Visual Studio Code 1.77.3.
Apr 19, 2023 9:26:43 PM org.flywaydb.core.internal.license.VersionPrinter printVersionOnly
INFO: Flyway Community Edition 9.16.3 by Redgate
Apr 19, 2023 9:26:43 PM org.flywaydb.core.internal.license.VersionPrinter printVersion
INFO: See release notes here: https://rd.gt/416ObMi
Apr 19, 2023 9:26:43 PM org.flywaydb.core.internal.license.VersionPrinter printVersion
INFO: 
Apr 19, 2023 9:26:47 PM org.flywaydb.core.internal.database.base.BaseDatabaseType createDatabase
INFO: Database: jdbc:h2:file:/workspaces/artifact-carsonfrench/.metals/metals (H2 2.1)
Apr 19, 2023 9:26:47 PM org.flywaydb.core.internal.command.DbValidate validate
INFO: Successfully validated 4 migrations (execution time 00:00.033s)
Apr 19, 2023 9:26:47 PM org.flywaydb.core.internal.command.DbMigrate migrateGroup
INFO: Current version of schema "PUBLIC": 4
Apr 19, 2023 9:26:47 PM org.flywaydb.core.internal.command.DbMigrate logSummary
INFO: Schema "PUBLIC" is up to date. No migration necessary.
2023.04.19 21:26:47 INFO  time: initialize in 4.41s
2023.04.19 21:26:50 WARN  Build server is not auto-connectable.
2023.04.19 21:26:50 WARN  no build tool detected in workspace '/workspaces/artifact-carsonfrench'. The most common cause for this problem is that the editor was opened in the wrong working directory, for example if you use sbt then the workspace directory should contain build.sbt. 
2023.04.19 21:26:50 WARN  no build target for: /workspaces/artifact-carsonfrench/tracker/src/main/scala/time.scala
2023.04.19 21:26:50 WARN  no build target for: /workspaces/artifact-carsonfrench/tracker/src/main/scala/worksheet2.worksheet.sc
2023.04.19 21:26:50 WARN  no build target for: /workspaces/artifact-carsonfrench/tracker/src/main/scala/worksheet.worksheet.sc
2023.04.19 21:26:50 WARN  no build target for: /workspaces/artifact-carsonfrench/tracker/build.sbt
2023.04.19 21:26:50 WARN  no build target for: /workspaces/artifact-carsonfrench/tracker/src/main/scala/weight.scala
Apr 19, 2023 9:26:51 PM org.eclipse.lsp4j.jsonrpc.RemoteEndpoint handleCancellation
WARNING: Unmatched cancel notification for request id 2
2023.04.19 21:26:58 INFO  no build target found for /workspaces/artifact-carsonfrench/tracker/src/main/scala/worksheet2.worksheet.sc. Using presentation compiler with project's scala-library version: 3.2.2
2023.04.19 21:26:59 WARN  no build target for: /workspaces/artifact-carsonfrench/tracker/src/main/scala/weight.scala
Apr 19, 2023 9:26:59 PM org.eclipse.lsp4j.jsonrpc.RemoteEndpoint handleCancellation
WARNING: Unmatched cancel notification for request id 25
Apr 19, 2023 9:26:59 PM org.eclipse.lsp4j.jsonrpc.RemoteEndpoint handleCancellation
WARNING: Unmatched cancel notification for request id 24
2023.04.19 21:26:59 WARN  no build target for: /workspaces/artifact-carsonfrench/tracker/src/main/scala/weight.scala
Apr 19, 2023 9:26:59 PM org.eclipse.lsp4j.jsonrpc.RemoteEndpoint handleCancellation
WARNING: Unmatched cancel notification for request id 31
Apr 19, 2023 9:26:59 PM org.eclipse.lsp4j.jsonrpc.RemoteEndpoint handleCancellation
WARNING: Unmatched cancel notification for request id 29
Apr 19, 2023 9:26:59 PM org.eclipse.lsp4j.jsonrpc.RemoteEndpoint handleCancellation
WARNING: Unmatched cancel notification for request id 33
2023.04.19 21:27:00 WARN  no build target for: /workspaces/artifact-carsonfrench/tracker/src/main/scala/weight.scala
2023.04.19 21:27:02 WARN  no build target for: /workspaces/artifact-carsonfrench/tracker/src/main/scala/weight.scala
2023.04.19 21:27:04 INFO  time: code lens generation in 5s
2023.04.19 21:27:04 INFO  time: code lens generation in 13s
2023.04.19 21:27:04 INFO  time: code lens generation in 4.6s
2023.04.19 21:27:04 INFO  time: code lens generation in 13s
2023.04.19 21:27:04 INFO  time: code lens generation in 4.95s
2023.04.19 21:27:05 INFO  time: code lens generation in 3.27s
2023.04.19 21:27:06 INFO  no build target found for /workspaces/artifact-carsonfrench/tracker/src/main/scala/worksheet2.worksheet.sc. Using presentation compiler with project's scala-library version: 3.2.2
2023.04.19 21:27:06 INFO  time: evaluated worksheet 'worksheet2.worksheet.sc' in 15s
2023.04.19 21:27:29 WARN  no build target for: /workspaces/artifact-carsonfrench/tracker/src/main/scala/weight.scala
2023.04.19 21:27:34 WARN  no build target for: /workspaces/artifact-carsonfrench/tracker/src/main/scala/weight.scala
2023.04.19 21:27:36 WARN  no build target for: /workspaces/artifact-carsonfrench/tracker/src/main/scala/weight.scala
2023.04.19 21:27:40 WARN  no build target for: /workspaces/artifact-carsonfrench/tracker/src/main/scala/weight.scala
2023.04.19 21:27:42 WARN  no build target for: /workspaces/artifact-carsonfrench/tracker/src/main/scala/weight.scala
2023.04.19 21:27:45 WARN  no build target for: /workspaces/artifact-carsonfrench/tracker/src/main/scala/weight.scala
2023.04.19 21:27:49 WARN  no build target for: /workspaces/artifact-carsonfrench/tracker/src/main/scala/weight.scala
2023.04.19 21:27:52 WARN  no build target for: /workspaces/artifact-carsonfrench/tracker/src/main/scala/weight.scala
2023.04.19 21:28:06 WARN  no build target for: /workspaces/artifact-carsonfrench/tracker/src/main/scala/weight.scala
2023.04.19 21:28:16 WARN  no build target for: /workspaces/artifact-carsonfrench/tracker/src/main/scala/weight.scala
2023.04.19 21:28:41 WARN  no build target for: /workspaces/artifact-carsonfrench/tracker/src/main/scala/weight.scala
2023.04.19 21:28:44 WARN  no build target for: /workspaces/artifact-carsonfrench/tracker/src/main/scala/weight.scala
2023.04.19 21:28:45 WARN  no build target for: /workspaces/artifact-carsonfrench/tracker/src/main/scala/weight.scala
Exception in thread "pool-7-thread-1" java.lang.InterruptedException
	at scala.meta.internal.metals.FutureCancelToken.checkCanceled(FutureCancelToken.scala:29)
	at scala.meta.internal.pc.CompilerAccess.onCompilerJobQueue$$anonfun$1(CompilerAccess.scala:195)
	at scala.meta.internal.pc.CompilerJobQueue$Job.run(CompilerJobQueue.scala:152)
	at java.base/java.util.concurrent.ThreadPoolExecutor.runWorker(ThreadPoolExecutor.java:1144)
	at java.base/java.util.concurrent.ThreadPoolExecutor$Worker.run(ThreadPoolExecutor.java:642)
	at java.base/java.lang.Thread.run(Thread.java:1589)
2023.04.19 21:29:14 WARN  no build target for: /workspaces/artifact-carsonfrench/tracker/src/main/scala/weight.scala
2023.04.19 21:29:36 WARN  no build target for: /workspaces/artifact-carsonfrench/tracker/src/main/scala/weight.scala
Apr 19, 2023 9:29:36 PM org.eclipse.lsp4j.jsonrpc.RemoteEndpoint fallbackResponseError
SEVERE: Internal error: scala.meta.internal.metals.debug.BuildTargetNotFoundForPathException: No build target could be found for the path: /workspaces/artifact-carsonfrench/tracker/src/main/scala/weight.scala
java.util.concurrent.CompletionException: scala.meta.internal.metals.debug.BuildTargetNotFoundForPathException: No build target could be found for the path: /workspaces/artifact-carsonfrench/tracker/src/main/scala/weight.scala
	at java.base/java.util.concurrent.CompletableFuture.encodeThrowable(CompletableFuture.java:332)
	at java.base/java.util.concurrent.CompletableFuture.uniAcceptNow(CompletableFuture.java:747)
	at java.base/java.util.concurrent.CompletableFuture.uniAcceptStage(CompletableFuture.java:735)
	at java.base/java.util.concurrent.CompletableFuture.thenAcceptAsync(CompletableFuture.java:2218)
	at scala.concurrent.java8.FuturesConvertersImpl$CF.thenAccept(FutureConvertersImpl.scala:37)
	at org.eclipse.lsp4j.jsonrpc.RemoteEndpoint.handleRequest(RemoteEndpoint.java:279)
	at org.eclipse.lsp4j.jsonrpc.RemoteEndpoint.consume(RemoteEndpoint.java:190)
	at org.eclipse.lsp4j.jsonrpc.json.StreamMessageProducer.handleMessage(StreamMessageProducer.java:194)
	at org.eclipse.lsp4j.jsonrpc.json.StreamMessageProducer.listen(StreamMessageProducer.java:94)
	at org.eclipse.lsp4j.jsonrpc.json.ConcurrentMessageProcessor.run(ConcurrentMessageProcessor.java:113)
	at java.base/java.util.concurrent.Executors$RunnableAdapter.call(Executors.java:577)
	at java.base/java.util.concurrent.FutureTask.run(FutureTask.java:317)
	at java.base/java.util.concurrent.ThreadPoolExecutor.runWorker(ThreadPoolExecutor.java:1144)
	at java.base/java.util.concurrent.ThreadPoolExecutor$Worker.run(ThreadPoolExecutor.java:642)
	at java.base/java.lang.Thread.run(Thread.java:1589)
Caused by: scala.meta.internal.metals.debug.BuildTargetNotFoundForPathException: No build target could be found for the path: /workspaces/artifact-carsonfrench/tracker/src/main/scala/weight.scala
	at scala.meta.internal.metals.debug.DebugProvider.debugDiscovery(DebugProvider.scala:469)
	at scala.meta.internal.metals.MetalsLspService.executeCommand(MetalsLspService.scala:2031)
	at scala.meta.metals.lsp.DelegatingScalaService.executeCommand(DelegatingScalaService.scala:169)
	at java.base/jdk.internal.reflect.DirectMethodHandleAccessor.invoke(DirectMethodHandleAccessor.java:104)
	at java.base/java.lang.reflect.Method.invoke(Method.java:578)
	at org.eclipse.lsp4j.jsonrpc.services.GenericEndpoint.lambda$null$0(GenericEndpoint.java:65)
	at org.eclipse.lsp4j.jsonrpc.services.GenericEndpoint.request(GenericEndpoint.java:120)
	at org.eclipse.lsp4j.jsonrpc.RemoteEndpoint.handleRequest(RemoteEndpoint.java:261)
	... 9 more

2023.04.19 21:29:51 WARN  no build target for: /workspaces/artifact-carsonfrench/tracker/src/main/scala/weight.scala
Apr 19, 2023 9:30:01 PM org.eclipse.lsp4j.jsonrpc.services.GenericEndpoint notify
INFO: Unsupported notification method: $/setTrace
